<?xml version="1.0" encoding="UTF-8"?>
<!-- Generated by org.testng.reporters.JUnitReportReporter -->
<testsuite hostname="DESKTOP-O5VFRGR" failures="0" tests="1" name="com.gitProj.WebShopLog4jProp" time="4.568" errors="0" timestamp="2021-08-04T16:14:21 IST" skipped="0">
  <testcase classname="com.gitProj.WebShopLog4jProp" name="register" time="4.568"/>
  <system-out/>
</testsuite> <!-- com.gitProj.WebShopLog4jProp -->
